client01/AndroidProject_Retrans/sdklibs/libcocos2dx/build/outputs/logs/manifest-merger-debug-report.txt
-- Merging decision tree log ---
manifest
ADDED from sdklibs\libcocos2dx\AndroidManifest.xml:2:1-11:12
INJECTED from sdklibs\libcocos2dx\AndroidManifest.xml:2:1-11:12
INJECTED from sdklibs\libcocos2dx\AndroidManifest.xml:2:1-11:12
INJECTED from sdklibs\libcocos2dx\AndroidManifest.xml:2:1-11:12
INJECTED from sdklibs\libcocos2dx\AndroidManifest.xml:2:1-11:12
INJECTED from sdklibs\libcocos2dx\AndroidManifest.xml:2:1-11:12
INJECTED from sdklibs\libcocos2dx\AndroidManifest.xml:2:1-11:12
	package
		ADDED from sdklibs\libcocos2dx\AndroidManifest.xml:3:5-31
		INJECTED from sdklibs\libcocos2dx\AndroidManifest.xml
		INJECTED from sdklibs\libcocos2dx\AndroidManifest.xml
	android:versionName
		ADDED from sdklibs\libcocos2dx\AndroidManifest.xml:5:5-30
		INJECTED from sdklibs\libcocos2dx\AndroidManifest.xml
		INJECTED from sdklibs\libcocos2dx\AndroidManifest.xml
	xmlns:android
		ADDED from sdklibs\libcocos2dx\AndroidManifest.xml:2:11-69
	android:versionCode
		ADDED from sdklibs\libcocos2dx\AndroidManifest.xml:4:5-28
		INJECTED from sdklibs\libcocos2dx\AndroidManifest.xml
		INJECTED from sdklibs\libcocos2dx\AndroidManifest.xml
uses-sdk
ADDED from sdklibs\libcocos2dx\AndroidManifest.xml:6:5-8:41
	android:targetSdkVersion
		ADDED from sdklibs\libcocos2dx\AndroidManifest.xml:8:9-38
	android:minSdkVersion
		ADDED from sdklibs\libcocos2dx\AndroidManifest.xml:7:9-35